Build started 1/07/2016 9:19:36 p.m..
     1>Project "C:\Users\User\Desktop\Uni\Semester 1 - 2016\ISCG7441 - Advanced Game Programming\Assignment 2\Cubed\Cubed\Cubed.vcxproj" on node 2 (Build target(s)).
     1>ClCompile:
         C:\Program Files (x86)\Microsoft Visual Studio 14.0\VC\bin\CL.exe /c /I"C:\Temp\SFML-2.3.2\include" /ZI /nologo /W3 /WX- /sdl /Od /Oy- /D WIN32 /D _DEBUG /D _CONSOLE /D _UNICODE /D UNICODE /Gm /EHsc /RTC1 /MDd /GS /fp:precise /Zc:wchar_t /Zc:forScope /Zc:inline /Yu"stdafx.h" /Fp"Debug\Cubed.pch" /Fo"Debug\\" /Fd"Debug\vc140.pdb" /Gd /TP /analyze- /errorReport:prompt Enemy.cpp Player.cpp Projectile.cpp
         Player.cpp
     1>c:\users\user\desktop\uni\semester 1 - 2016\iscg7441 - advanced game programming\assignment 2\cubed\cubed\player.cpp(16): warning C4305: '=': truncation from 'double' to 'float'
     1>c:\users\user\desktop\uni\semester 1 - 2016\iscg7441 - advanced game programming\assignment 2\cubed\cubed\player.cpp(20): warning C4244: 'argument': conversion from 'int' to 'float', possible loss of data
     1>c:\users\user\desktop\uni\semester 1 - 2016\iscg7441 - advanced game programming\assignment 2\cubed\cubed\player.cpp(35): warning C4305: '=': truncation from 'double' to 'float'
     1>c:\users\user\desktop\uni\semester 1 - 2016\iscg7441 - advanced game programming\assignment 2\cubed\cubed\player.cpp(36): warning C4305: '=': truncation from 'double' to 'float'
     1>c:\users\user\desktop\uni\semester 1 - 2016\iscg7441 - advanced game programming\assignment 2\cubed\cubed\player.cpp(52): warning C4305: '=': truncation from 'double' to 'float'
     1>c:\users\user\desktop\uni\semester 1 - 2016\iscg7441 - advanced game programming\assignment 2\cubed\cubed\player.cpp(56): warning C4244: 'argument': conversion from 'int' to 'float', possible loss of data
     1>c:\users\user\desktop\uni\semester 1 - 2016\iscg7441 - advanced game programming\assignment 2\cubed\cubed\player.cpp(71): warning C4305: '=': truncation from 'double' to 'float'
     1>c:\users\user\desktop\uni\semester 1 - 2016\iscg7441 - advanced game programming\assignment 2\cubed\cubed\player.cpp(72): warning C4305: '=': truncation from 'double' to 'float'
     1>c:\users\user\desktop\uni\semester 1 - 2016\iscg7441 - advanced game programming\assignment 2\cubed\cubed\player.cpp(93): warning C4305: '=': truncation from 'double' to 'float'
     1>c:\users\user\desktop\uni\semester 1 - 2016\iscg7441 - advanced game programming\assignment 2\cubed\cubed\player.cpp(115): warning C4244: '-=': conversion from 'double' to 'float', possible loss of data
     1>c:\users\user\desktop\uni\semester 1 - 2016\iscg7441 - advanced game programming\assignment 2\cubed\cubed\player.cpp(116): warning C4244: '-=': conversion from 'double' to 'float', possible loss of data
     1>c:\users\user\desktop\uni\semester 1 - 2016\iscg7441 - advanced game programming\assignment 2\cubed\cubed\player.cpp(120): warning C4244: '-=': conversion from 'double' to 'float', possible loss of data
     1>c:\users\user\desktop\uni\semester 1 - 2016\iscg7441 - advanced game programming\assignment 2\cubed\cubed\player.cpp(121): warning C4244: '-=': conversion from 'double' to 'float', possible loss of data
     1>c:\users\user\desktop\uni\semester 1 - 2016\iscg7441 - advanced game programming\assignment 2\cubed\cubed\player.cpp(192): warning C4244: 'argument': conversion from 'int' to 'float', possible loss of data
         Generating Code...
         Compiling...
         Projectile.cpp
     1>c:\users\user\desktop\uni\semester 1 - 2016\iscg7441 - advanced game programming\assignment 2\cubed\cubed\projectile.cpp(8): warning C4244: 'argument': conversion from 'const int' to 'float', possible loss of data
     1>c:\users\user\desktop\uni\semester 1 - 2016\iscg7441 - advanced game programming\assignment 2\cubed\cubed\projectile.cpp(14): warning C4244: 'argument': conversion from 'const int' to 'float', possible loss of data
     1>c:\users\user\desktop\uni\semester 1 - 2016\iscg7441 - advanced game programming\assignment 2\cubed\cubed\projectile.cpp(16): warning C4244: 'argument': conversion from 'const int' to 'float', possible loss of data
     1>c:\users\user\desktop\uni\semester 1 - 2016\iscg7441 - advanced game programming\assignment 2\cubed\cubed\projectile.cpp(22): warning C4244: 'argument': conversion from 'const int' to 'float', possible loss of data
     1>c:\users\user\desktop\uni\semester 1 - 2016\iscg7441 - advanced game programming\assignment 2\cubed\cubed\projectile.cpp(24): warning C4244: 'argument': conversion from 'const int' to 'float', possible loss of data
     1>c:\users\user\desktop\uni\semester 1 - 2016\iscg7441 - advanced game programming\assignment 2\cubed\cubed\projectile.cpp(30): warning C4244: 'argument': conversion from 'const int' to 'float', possible loss of data
         Enemy.cpp
         Generating Code...
       Link:
         C:\Program Files (x86)\Microsoft Visual Studio 14.0\VC\bin\link.exe /ERRORREPORT:PROMPT /OUT:"C:\Users\User\Desktop\Uni\Semester 1 - 2016\ISCG7441 - Advanced Game Programming\Assignment 2\Cubed\Cubed\Debug\Cubed.exe" /INCREMENTAL /NOLOGO /LIBPATH:"C:\Temp\glew-1.13.0\lib" /LIBPATH:"C:\Temp\SFML-2.3.2\lib" "sfml-graphics-d.lib" "sfml-window-d.lib" "sfml-system-d.lib" "sfml-main-d.lib" "sfml-audio-d.lib" glu32.lib opengl32.lib kernel32.lib user32.lib gdi32.lib winspool.lib comdlg32.lib advapi32.lib shell32.lib ole32.lib oleaut32.lib uuid.lib odbc32.lib odbccp32.lib /MANIFEST /MANIFESTUAC:"level='asInvoker' uiAccess='false'" /manifest:embed /Debug /PDB:"C:\Users\User\Desktop\Uni\Semester 1 - 2016\ISCG7441 - Advanced Game Programming\Assignment 2\Cubed\Cubed\Debug\Cubed.pdb" /SUBSYSTEM:CONSOLE /TLBID:1 /DYNAMICBASE /NXCOMPAT /IMPLIB:"C:\Users\User\Desktop\Uni\Semester 1 - 2016\ISCG7441 - Advanced Game Programming\Assignment 2\Cubed\Cubed\Debug\Cubed.lib" /MACHINE:X86 Debug\Player.obj
         Debug\Character.obj
         Debug\Cubed.obj
         Debug\Mesh.obj
         Debug\Enemy.obj
         Debug\Projectile.obj
         Debug\SelectionMenu.obj
         Debug\stdafx.obj
         Cubed.vcxproj -> C:\Users\User\Desktop\Uni\Semester 1 - 2016\ISCG7441 - Advanced Game Programming\Assignment 2\Cubed\Cubed\Debug\Cubed.exe
     1>Done Building Project "C:\Users\User\Desktop\Uni\Semester 1 - 2016\ISCG7441 - Advanced Game Programming\Assignment 2\Cubed\Cubed\Cubed.vcxproj" (Build target(s)).

Build succeeded.

Time Elapsed 00:00:07.63
