c:\users\lance_000\documents\github\cubed\debug\cubed.pch
c:\users\lance_000\documents\github\cubed\debug\vc140.pdb
c:\users\lance_000\documents\github\cubed\debug\vc140.idb
c:\users\lance_000\documents\github\cubed\debug\stdafx.obj
c:\users\lance_000\documents\github\cubed\debug\player.obj
c:\users\lance_000\documents\github\cubed\debug\character.obj
c:\users\lance_000\documents\github\cubed\debug\cubed.obj
c:\users\lance_000\documents\github\cubed\debug\mesh.obj
c:\users\lance_000\documents\github\cubed\debug\enemy.obj
c:\users\lance_000\documents\github\cubed\debug\selectionmenu.obj
c:\users\lance_000\documents\github\cubed\debug\cubed.ilk
c:\users\lance_000\documents\github\cubed\debug\cubed.exe
c:\users\lance_000\documents\github\cubed\debug\cubed.pdb
c:\users\lance_000\documents\github\cubed\debug\cubed.tlog\cl.command.1.tlog
c:\users\lance_000\documents\github\cubed\debug\cubed.tlog\cl.read.1.tlog
c:\users\lance_000\documents\github\cubed\debug\cubed.tlog\cl.write.1.tlog
c:\users\lance_000\documents\github\cubed\debug\cubed.tlog\link-cvtres.read.1.tlog
c:\users\lance_000\documents\github\cubed\debug\cubed.tlog\link-cvtres.write.1.tlog
c:\users\lance_000\documents\github\cubed\debug\cubed.tlog\link-rc.read.1.tlog
c:\users\lance_000\documents\github\cubed\debug\cubed.tlog\link-rc.write.1.tlog
c:\users\lance_000\documents\github\cubed\debug\cubed.tlog\link.6540-cvtres.read.1.tlog
c:\users\lance_000\documents\github\cubed\debug\cubed.tlog\link.6540-cvtres.write.1.tlog
c:\users\lance_000\documents\github\cubed\debug\cubed.tlog\link.6540-rc.read.1.tlog
c:\users\lance_000\documents\github\cubed\debug\cubed.tlog\link.6540-rc.write.1.tlog
c:\users\lance_000\documents\github\cubed\debug\cubed.tlog\link.6540.read.1.tlog
c:\users\lance_000\documents\github\cubed\debug\cubed.tlog\link.6540.write.1.tlog
c:\users\lance_000\documents\github\cubed\debug\cubed.tlog\link.command.1.tlog
c:\users\lance_000\documents\github\cubed\debug\cubed.tlog\link.read.1.tlog
c:\users\lance_000\documents\github\cubed\debug\cubed.tlog\link.write.1.tlog
